{"C:\\Users\\MOHD AQIB\\Documents\\project4\\api\\decision-proxy.ts": {"path":"C:\\Users\\MOHD AQIB\\Documents\\project4\\api\\decision-proxy.ts","statementMap":{"0":{"start":{"line":4,"column":22},"end":{"line":4,"column":null}},"1":{"start":{"line":35,"column":2},"end":{"line":35,"column":null}},"2":{"start":{"line":36,"column":2},"end":{"line":36,"column":null}},"3":{"start":{"line":37,"column":2},"end":{"line":37,"column":null}},"4":{"start":{"line":38,"column":2},"end":{"line":41,"column":null}},"5":{"start":{"line":43,"column":2},"end":{"line":45,"column":null}},"6":{"start":{"line":44,"column":4},"end":{"line":44,"column":null}},"7":{"start":{"line":47,"column":2},"end":{"line":49,"column":null}},"8":{"start":{"line":48,"column":4},"end":{"line":48,"column":null}},"9":{"start":{"line":51,"column":37},"end":{"line":51,"column":null}},"10":{"start":{"line":53,"column":17},"end":{"line":53,"column":null}},"11":{"start":{"line":54,"column":2},"end":{"line":58,"column":null}},"12":{"start":{"line":55,"column":4},"end":{"line":55,"column":null}},"13":{"start":{"line":57,"column":4},"end":{"line":57,"column":null}},"14":{"start":{"line":60,"column":2},"end":{"line":112,"column":null}},"15":{"start":{"line":61,"column":96},"end":{"line":65,"column":null}},"16":{"start":{"line":68,"column":4},"end":{"line":75,"column":null}},"17":{"start":{"line":69,"column":6},"end":{"line":74,"column":null}},"18":{"start":{"line":77,"column":22},"end":{"line":77,"column":null}},"19":{"start":{"line":79,"column":21},"end":{"line":90,"column":null}},"20":{"start":{"line":92,"column":4},"end":{"line":96,"column":null}},"21":{"start":{"line":93,"column":22},"end":{"line":93,"column":null}},"22":{"start":{"line":94,"column":6},"end":{"line":94,"column":null}},"23":{"start":{"line":95,"column":6},"end":{"line":95,"column":null}},"24":{"start":{"line":98,"column":19},"end":{"line":98,"column":null}},"25":{"start":{"line":99,"column":22},"end":{"line":99,"column":null}},"26":{"start":{"line":101,"column":4},"end":{"line":103,"column":null}},"27":{"start":{"line":102,"column":6},"end":{"line":102,"column":null}},"28":{"start":{"line":106,"column":25},"end":{"line":106,"column":null}},"29":{"start":{"line":107,"column":4},"end":{"line":107,"column":null}},"30":{"start":{"line":109,"column":25},"end":{"line":109,"column":null}},"31":{"start":{"line":110,"column":4},"end":{"line":110,"column":null}},"32":{"start":{"line":111,"column":4},"end":{"line":111,"column":null}}},"fnMap":{"0":{"name":"handler","decl":{"start":{"line":33,"column":30},"end":{"line":33,"column":38}},"loc":{"start":{"line":33,"column":79},"end":{"line":113,"column":null}},"line":33}},"branchMap":{"0":{"loc":{"start":{"line":43,"column":2},"end":{"line":45,"column":null}},"type":"if","locations":[{"start":{"line":43,"column":2},"end":{"line":45,"column":null}},{"start":{},"end":{}}],"line":43},"1":{"loc":{"start":{"line":47,"column":2},"end":{"line":49,"column":null}},"type":"if","locations":[{"start":{"line":47,"column":2},"end":{"line":49,"column":null}},{"start":{},"end":{}}],"line":47},"2":{"loc":{"start":{"line":54,"column":2},"end":{"line":58,"column":null}},"type":"if","locations":[{"start":{"line":54,"column":2},"end":{"line":58,"column":null}},{"start":{},"end":{}}],"line":54},"3":{"loc":{"start":{"line":63,"column":61},"end":{"line":63,"column":96}},"type":"binary-expr","locations":[{"start":{"line":63,"column":61},"end":{"line":63,"column":69}},{"start":{"line":63,"column":69},"end":{"line":63,"column":96}}],"line":63},"4":{"loc":{"start":{"line":63,"column":142},"end":{"line":63,"column":171}},"type":"binary-expr","locations":[{"start":{"line":63,"column":142},"end":{"line":63,"column":169}},{"start":{"line":63,"column":169},"end":{"line":63,"column":171}}],"line":63},"5":{"loc":{"start":{"line":63,"column":202},"end":{"line":63,"column":233}},"type":"binary-expr","locations":[{"start":{"line":63,"column":202},"end":{"line":63,"column":230}},{"start":{"line":63,"column":230},"end":{"line":63,"column":233}}],"line":63},"6":{"loc":{"start":{"line":68,"column":4},"end":{"line":75,"column":null}},"type":"if","locations":[{"start":{"line":68,"column":4},"end":{"line":75,"column":null}},{"start":{},"end":{}}],"line":68},"7":{"loc":{"start":{"line":92,"column":4},"end":{"line":96,"column":null}},"type":"if","locations":[{"start":{"line":92,"column":4},"end":{"line":96,"column":null}},{"start":{},"end":{}}],"line":92},"8":{"loc":{"start":{"line":101,"column":4},"end":{"line":103,"column":null}},"type":"if","locations":[{"start":{"line":101,"column":4},"end":{"line":103,"column":null}},{"start":{},"end":{}}],"line":101},"9":{"loc":{"start":{"line":109,"column":25},"end":{"line":109,"column":null}},"type":"cond-expr","locations":[{"start":{"line":109,"column":50},"end":{"line":109,"column":66}},{"start":{"line":109,"column":66},"end":{"line":109,"column":null}}],"line":109}},"s":{"0":1,"1":8,"2":8,"3":8,"4":8,"5":8,"6":1,"7":7,"8":1,"9":6,"10":6,"11":6,"12":1,"13":1,"14":5,"15":5,"16":8,"17":1,"18":5,"19":5,"20":4,"21":1,"22":1,"23":1,"24":3,"25":3,"26":8,"27":1,"28":2,"29":2,"30":2,"31":2,"32":2},"f":{"0":8},"b":{"0":[1,7],"1":[1,6],"2":[1,5],"3":[5,0],"4":[8,4],"5":[8,4],"6":[1,7],"7":[1,3],"8":[1,7],"9":[2,0]},"meta":{"lastBranch":10,"lastFunction":1,"lastStatement":33,"seen":{"s:4:22:4:Infinity":0,"f:33:30:33:38":0,"s:35:2:35:Infinity":1,"s:36:2:36:Infinity":2,"s:37:2:37:Infinity":3,"s:38:2:41:Infinity":4,"b:43:2:45:Infinity:undefined:undefined:undefined:undefined":0,"s:43:2:45:Infinity":5,"s:44:4:44:Infinity":6,"b:47:2:49:Infinity:undefined:undefined:undefined:undefined":1,"s:47:2:49:Infinity":7,"s:48:4:48:Infinity":8,"s:51:37:51:Infinity":9,"s:53:17:53:Infinity":10,"b:54:2:58:Infinity:undefined:undefined:undefined:undefined":2,"s:54:2:58:Infinity":11,"s:55:4:55:Infinity":12,"s:57:4:57:Infinity":13,"s:60:2:112:Infinity":14,"s:61:96:65:Infinity":15,"b:63:61:63:69:63:69:63:96":3,"b:63:142:63:169:63:169:63:171":4,"b:63:202:63:230:63:230:63:233":5,"b:68:4:75:Infinity:undefined:undefined:undefined:undefined":6,"s:68:4:75:Infinity":16,"s:69:6:74:Infinity":17,"s:77:22:77:Infinity":18,"s:79:21:90:Infinity":19,"b:92:4:96:Infinity:undefined:undefined:undefined:undefined":7,"s:92:4:96:Infinity":20,"s:93:22:93:Infinity":21,"s:94:6:94:Infinity":22,"s:95:6:95:Infinity":23,"s:98:19:98:Infinity":24,"s:99:22:99:Infinity":25,"b:101:4:103:Infinity:undefined:undefined:undefined:undefined":8,"s:101:4:103:Infinity":26,"s:102:6:102:Infinity":27,"s:106:25:106:Infinity":28,"s:107:4:107:Infinity":29,"s:109:25:109:Infinity":30,"b:109:50:109:66:109:66:109:Infinity":9,"s:110:4:110:Infinity":31,"s:111:4:111:Infinity":32},"fnNames":{}}}
,"C:\\Users\\MOHD AQIB\\Documents\\project4\\src\\components\\CameraCapture.tsx": {"path":"C:\\Users\\MOHD AQIB\\Documents\\project4\\src\\components\\CameraCapture.tsx","statementMap":{"0":{"start":{"line":11,"column":13},"end":{"line":186,"column":null}},"1":{"start":{"line":16,"column":8},"end":{"line":16,"column":null}},"2":{"start":{"line":17,"column":23},"end":{"line":17,"column":null}},"3":{"start":{"line":18,"column":26},"end":{"line":18,"column":null}},"4":{"start":{"line":19,"column":21},"end":{"line":19,"column":null}},"5":{"start":{"line":22,"column":2},"end":{"line":26,"column":null}},"6":{"start":{"line":23,"column":4},"end":{"line":25,"column":null}},"7":{"start":{"line":24,"column":6},"end":{"line":24,"column":null}},"8":{"start":{"line":28,"column":28},"end":{"line":42,"column":null}},"9":{"start":{"line":29,"column":4},"end":{"line":29,"column":null}},"10":{"start":{"line":29,"column":27},"end":{"line":29,"column":null}},"11":{"start":{"line":30,"column":4},"end":{"line":41,"column":null}},"12":{"start":{"line":31,"column":6},"end":{"line":31,"column":null}},"13":{"start":{"line":32,"column":6},"end":{"line":32,"column":null}},"14":{"start":{"line":33,"column":6},"end":{"line":33,"column":null}},"15":{"start":{"line":34,"column":6},"end":{"line":34,"column":null}},"16":{"start":{"line":35,"column":6},"end":{"line":35,"column":null}},"17":{"start":{"line":37,"column":27},"end":{"line":37,"column":null}},"18":{"start":{"line":38,"column":6},"end":{"line":38,"column":null}},"19":{"start":{"line":40,"column":6},"end":{"line":40,"column":null}},"20":{"start":{"line":44,"column":8},"end":{"line":49,"column":null}},"21":{"start":{"line":45,"column":4},"end":{"line":45,"column":null}},"22":{"start":{"line":46,"column":4},"end":{"line":46,"column":null}},"23":{"start":{"line":47,"column":4},"end":{"line":47,"column":null}},"24":{"start":{"line":48,"column":4},"end":{"line":48,"column":null}},"25":{"start":{"line":51,"column":24},"end":{"line":76,"column":null}},"26":{"start":{"line":52,"column":4},"end":{"line":52,"column":null}},"27":{"start":{"line":52,"column":44},"end":{"line":52,"column":null}},"28":{"start":{"line":54,"column":4},"end":{"line":75,"column":null}},"29":{"start":{"line":55,"column":6},"end":{"line":55,"column":null}},"30":{"start":{"line":58,"column":29},"end":{"line":58,"column":null}},"31":{"start":{"line":61,"column":6},"end":{"line":61,"column":null}},"32":{"start":{"line":62,"column":6},"end":{"line":62,"column":null}},"33":{"start":{"line":65,"column":23},"end":{"line":65,"column":null}},"34":{"start":{"line":66,"column":6},"end":{"line":66,"column":null}},"35":{"start":{"line":69,"column":6},"end":{"line":69,"column":null}},"36":{"start":{"line":71,"column":27},"end":{"line":71,"column":null}},"37":{"start":{"line":72,"column":6},"end":{"line":72,"column":null}},"38":{"start":{"line":74,"column":6},"end":{"line":74,"column":null}},"39":{"start":{"line":78,"column":2},"end":{"line":184,"column":null}}},"fnMap":{"0":{"name":"(anonymous_0)","decl":{"start":{"line":11,"column":13},"end":{"line":11,"column":60}},"loc":{"start":{"line":15,"column":6},"end":{"line":186,"column":null}},"line":15},"1":{"name":"(anonymous_1)","decl":{"start":{"line":22,"column":2},"end":{"line":22,"column":18}},"loc":{"start":{"line":22,"column":18},"end":{"line":26,"column":5}},"line":22},"2":{"name":"(anonymous_2)","decl":{"start":{"line":23,"column":4},"end":{"line":23,"column":17}},"loc":{"start":{"line":23,"column":17},"end":{"line":25,"column":null}},"line":23},"3":{"name":"(anonymous_3)","decl":{"start":{"line":28,"column":28},"end":{"line":28,"column":40}},"loc":{"start":{"line":28,"column":40},"end":{"line":42,"column":null}},"line":28},"4":{"name":"(anonymous_4)","decl":{"start":{"line":44,"column":8},"end":{"line":44,"column":33}},"loc":{"start":{"line":44,"column":33},"end":{"line":49,"column":null}},"line":44},"5":{"name":"(anonymous_5)","decl":{"start":{"line":51,"column":24},"end":{"line":51,"column":36}},"loc":{"start":{"line":51,"column":36},"end":{"line":76,"column":null}},"line":51}},"branchMap":{"0":{"loc":{"start":{"line":29,"column":4},"end":{"line":29,"column":null}},"type":"if","locations":[{"start":{"line":29,"column":4},"end":{"line":29,"column":null}},{"start":{},"end":{}}],"line":29},"1":{"loc":{"start":{"line":37,"column":27},"end":{"line":37,"column":null}},"type":"cond-expr","locations":[{"start":{"line":37,"column":50},"end":{"line":37,"column":64}},{"start":{"line":37,"column":64},"end":{"line":37,"column":null}}],"line":37},"2":{"loc":{"start":{"line":38,"column":24},"end":{"line":38,"column":77}},"type":"binary-expr","locations":[{"start":{"line":38,"column":24},"end":{"line":38,"column":40}},{"start":{"line":38,"column":40},"end":{"line":38,"column":77}}],"line":38},"3":{"loc":{"start":{"line":52,"column":4},"end":{"line":52,"column":null}},"type":"if","locations":[{"start":{"line":52,"column":4},"end":{"line":52,"column":null}},{"start":{},"end":{}}],"line":52},"4":{"loc":{"start":{"line":52,"column":8},"end":{"line":52,"column":44}},"type":"binary-expr","locations":[{"start":{"line":52,"column":8},"end":{"line":52,"column":29}},{"start":{"line":52,"column":29},"end":{"line":52,"column":44}}],"line":52},"5":{"loc":{"start":{"line":71,"column":27},"end":{"line":71,"column":null}},"type":"cond-expr","locations":[{"start":{"line":71,"column":50},"end":{"line":71,"column":64}},{"start":{"line":71,"column":64},"end":{"line":71,"column":null}}],"line":71},"6":{"loc":{"start":{"line":72,"column":24},"end":{"line":72,"column":66}},"type":"binary-expr","locations":[{"start":{"line":72,"column":24},"end":{"line":72,"column":40}},{"start":{"line":72,"column":40},"end":{"line":72,"column":66}}],"line":72},"7":{"loc":{"start":{"line":82,"column":9},"end":{"line":87,"column":null}},"type":"binary-expr","locations":[{"start":{"line":82,"column":9},"end":{"line":82,"column":25}},{"start":{"line":82,"column":25},"end":{"line":82,"column":null}},{"start":{"line":83,"column":10},"end":{"line":87,"column":null}}],"line":82},"8":{"loc":{"start":{"line":91,"column":9},"end":{"line":100,"column":null}},"type":"binary-expr","locations":[{"start":{"line":91,"column":9},"end":{"line":91,"column":25}},{"start":{"line":91,"column":25},"end":{"line":91,"column":null}},{"start":{"line":92,"column":10},"end":{"line":100,"column":null}}],"line":91},"9":{"loc":{"start":{"line":104,"column":9},"end":{"line":115,"column":null}},"type":"binary-expr","locations":[{"start":{"line":104,"column":9},"end":{"line":104,"column":null}},{"start":{"line":105,"column":10},"end":{"line":115,"column":null}}],"line":104},"10":{"loc":{"start":{"line":119,"column":9},"end":{"line":123,"column":null}},"type":"binary-expr","locations":[{"start":{"line":119,"column":9},"end":{"line":119,"column":26}},{"start":{"line":119,"column":26},"end":{"line":119,"column":null}},{"start":{"line":120,"column":10},"end":{"line":123,"column":null}}],"line":119},"11":{"loc":{"start":{"line":127,"column":9},"end":{"line":131,"column":null}},"type":"binary-expr","locations":[{"start":{"line":127,"column":9},"end":{"line":127,"column":null}},{"start":{"line":128,"column":10},"end":{"line":131,"column":null}}],"line":127},"12":{"loc":{"start":{"line":136,"column":9},"end":{"line":146,"column":null}},"type":"binary-expr","locations":[{"start":{"line":136,"column":9},"end":{"line":136,"column":26}},{"start":{"line":136,"column":26},"end":{"line":136,"column":null}},{"start":{"line":137,"column":10},"end":{"line":146,"column":null}}],"line":136},"13":{"loc":{"start":{"line":149,"column":9},"end":{"line":159,"column":null}},"type":"binary-expr","locations":[{"start":{"line":149,"column":9},"end":{"line":149,"column":null}},{"start":{"line":150,"column":10},"end":{"line":159,"column":null}}],"line":149},"14":{"loc":{"start":{"line":162,"column":10},"end":{"line":181,"column":null}},"type":"binary-expr","locations":[{"start":{"line":162,"column":10},"end":{"line":162,"column":26}},{"start":{"line":162,"column":26},"end":{"line":162,"column":null}},{"start":{"line":163,"column":10},"end":{"line":181,"column":null}}],"line":162},"15":{"loc":{"start":{"line":166,"column":21},"end":{"line":166,"column":null}},"type":"cond-expr","locations":[{"start":{"line":166,"column":39},"end":{"line":166,"column":59}},{"start":{"line":166,"column":59},"end":{"line":166,"column":null}}],"line":166},"16":{"loc":{"start":{"line":168,"column":24},"end":{"line":168,"column":null}},"type":"cond-expr","locations":[{"start":{"line":168,"column":42},"end":{"line":168,"column":62}},{"start":{"line":168,"column":62},"end":{"line":168,"column":null}}],"line":168},"17":{"loc":{"start":{"line":170,"column":13},"end":{"line":179,"column":null}},"type":"cond-expr","locations":[{"start":{"line":171,"column":14},"end":{"line":176,"column":null}},{"start":{"line":176,"column":14},"end":{"line":179,"column":null}}],"line":170}},"s":{"0":1,"1":0,"2":0,"3":0,"4":0,"5":0,"6":0,"7":0,"8":0,"9":0,"10":0,"11":0,"12":0,"13":0,"14":0,"15":0,"16":0,"17":0,"18":0,"19":0,"20":0,"21":0,"22":0,"23":0,"24":0,"25":0,"26":0,"27":0,"28":0,"29":0,"30":0,"31":0,"32":0,"33":0,"34":0,"35":0,"36":0,"37":0,"38":0,"39":0},"f":{"0":0,"1":0,"2":0,"3":0,"4":0,"5":0},"b":{"0":[0,0],"1":[0,0],"2":[0,0],"3":[0,0],"4":[0,0],"5":[0,0],"6":[0,0],"7":[0,0,0],"8":[0,0,0],"9":[0,0],"10":[0,0,0],"11":[0,0],"12":[0,0,0],"13":[0,0],"14":[0,0,0],"15":[0,0],"16":[0,0],"17":[0,0]},"meta":{"lastBranch":18,"lastFunction":6,"lastStatement":40,"seen":{"s:11:13:186:Infinity":0,"f:11:13:11:60":0,"s:16:8:16:Infinity":1,"s:17:23:17:Infinity":2,"s:18:26:18:Infinity":3,"s:19:21:19:Infinity":4,"s:22:2:26:Infinity":5,"f:22:2:22:18":1,"s:23:4:25:Infinity":6,"f:23:4:23:17":2,"s:24:6:24:Infinity":7,"s:28:28:42:Infinity":8,"f:28:28:28:40":3,"b:29:4:29:Infinity:undefined:undefined:undefined:undefined":0,"s:29:4:29:Infinity":9,"s:29:27:29:Infinity":10,"s:30:4:41:Infinity":11,"s:31:6:31:Infinity":12,"s:32:6:32:Infinity":13,"s:33:6:33:Infinity":14,"s:34:6:34:Infinity":15,"s:35:6:35:Infinity":16,"s:37:27:37:Infinity":17,"b:37:50:37:64:37:64:37:Infinity":1,"s:38:6:38:Infinity":18,"b:38:24:38:40:38:40:38:77":2,"s:40:6:40:Infinity":19,"s:44:8:49:Infinity":20,"f:44:8:44:33":4,"s:45:4:45:Infinity":21,"s:46:4:46:Infinity":22,"s:47:4:47:Infinity":23,"s:48:4:48:Infinity":24,"s:51:24:76:Infinity":25,"f:51:24:51:36":5,"b:52:4:52:Infinity:undefined:undefined:undefined:undefined":3,"s:52:4:52:Infinity":26,"b:52:8:52:29:52:29:52:44":4,"s:52:44:52:Infinity":27,"s:54:4:75:Infinity":28,"s:55:6:55:Infinity":29,"s:58:29:58:Infinity":30,"s:61:6:61:Infinity":31,"s:62:6:62:Infinity":32,"s:65:23:65:Infinity":33,"s:66:6:66:Infinity":34,"s:69:6:69:Infinity":35,"s:71:27:71:Infinity":36,"b:71:50:71:64:71:64:71:Infinity":5,"s:72:6:72:Infinity":37,"b:72:24:72:40:72:40:72:66":6,"s:74:6:74:Infinity":38,"s:78:2:184:Infinity":39,"b:82:9:82:25:82:25:82:Infinity:83:10:87:Infinity":7,"b:91:9:91:25:91:25:91:Infinity:92:10:100:Infinity":8,"b:104:9:104:Infinity:105:10:115:Infinity":9,"b:119:9:119:26:119:26:119:Infinity:120:10:123:Infinity":10,"b:127:9:127:Infinity:128:10:131:Infinity":11,"b:136:9:136:26:136:26:136:Infinity:137:10:146:Infinity":12,"b:149:9:149:Infinity:150:10:159:Infinity":13,"b:162:10:162:26:162:26:162:Infinity:163:10:181:Infinity":14,"b:166:39:166:59:166:59:166:Infinity":15,"b:168:42:168:62:168:62:168:Infinity":16,"b:171:14:176:Infinity:176:14:179:Infinity":17},"fnNames":{}}}
,"C:\\Users\\MOHD AQIB\\Documents\\project4\\src\\components\\DecisionCard.tsx": {"path":"C:\\Users\\MOHD AQIB\\Documents\\project4\\src\\components\\DecisionCard.tsx","statementMap":{"0":{"start":{"line":11,"column":13},"end":{"line":105,"column":null}},"1":{"start":{"line":12,"column":2},"end":{"line":23,"column":null}},"2":{"start":{"line":13,"column":4},"end":{"line":21,"column":null}},"3":{"start":{"line":25,"column":2},"end":{"line":35,"column":null}},"4":{"start":{"line":26,"column":4},"end":{"line":33,"column":null}},"5":{"start":{"line":37,"column":55},"end":{"line":37,"column":null}},"6":{"start":{"line":40,"column":18},"end":{"line":40,"column":null}},"7":{"start":{"line":41,"column":19},"end":{"line":41,"column":null}},"8":{"start":{"line":42,"column":18},"end":{"line":42,"column":null}},"9":{"start":{"line":44,"column":2},"end":{"line":60,"column":null}},"10":{"start":{"line":46,"column":6},"end":{"line":46,"column":null}},"11":{"start":{"line":47,"column":6},"end":{"line":47,"column":null}},"12":{"start":{"line":48,"column":6},"end":{"line":48,"column":null}},"13":{"start":{"line":49,"column":6},"end":{"line":49,"column":null}},"14":{"start":{"line":51,"column":6},"end":{"line":51,"column":null}},"15":{"start":{"line":52,"column":6},"end":{"line":52,"column":null}},"16":{"start":{"line":53,"column":6},"end":{"line":53,"column":null}},"17":{"start":{"line":54,"column":6},"end":{"line":54,"column":null}},"18":{"start":{"line":56,"column":6},"end":{"line":56,"column":null}},"19":{"start":{"line":57,"column":6},"end":{"line":57,"column":null}},"20":{"start":{"line":58,"column":6},"end":{"line":58,"column":null}},"21":{"start":{"line":59,"column":6},"end":{"line":59,"column":null}},"22":{"start":{"line":62,"column":8},"end":{"line":64,"column":null}},"23":{"start":{"line":63,"column":4},"end":{"line":63,"column":null}},"24":{"start":{"line":66,"column":2},"end":{"line":103,"column":null}}},"fnMap":{"0":{"name":"(anonymous_0)","decl":{"start":{"line":11,"column":13},"end":{"line":11,"column":58}},"loc":{"start":{"line":11,"column":84},"end":{"line":105,"column":null}},"line":11},"1":{"name":"(anonymous_1)","decl":{"start":{"line":62,"column":8},"end":{"line":62,"column":28}},"loc":{"start":{"line":62,"column":28},"end":{"line":64,"column":null}},"line":62}},"branchMap":{"0":{"loc":{"start":{"line":12,"column":2},"end":{"line":23,"column":null}},"type":"if","locations":[{"start":{"line":12,"column":2},"end":{"line":23,"column":null}},{"start":{},"end":{}}],"line":12},"1":{"loc":{"start":{"line":25,"column":2},"end":{"line":35,"column":null}},"type":"if","locations":[{"start":{"line":25,"column":2},"end":{"line":35,"column":null}},{"start":{},"end":{}}],"line":25},"2":{"loc":{"start":{"line":44,"column":2},"end":{"line":60,"column":null}},"type":"switch","locations":[{"start":{"line":45,"column":4},"end":{"line":49,"column":null}},{"start":{"line":50,"column":4},"end":{"line":54,"column":null}},{"start":{"line":55,"column":4},"end":{"line":59,"column":null}}],"line":44}},"s":{"0":1,"1":0,"2":0,"3":0,"4":0,"5":0,"6":0,"7":0,"8":0,"9":0,"10":0,"11":0,"12":0,"13":0,"14":0,"15":0,"16":0,"17":0,"18":0,"19":0,"20":0,"21":0,"22":0,"23":0,"24":0},"f":{"0":0,"1":0},"b":{"0":[0,0],"1":[0,0],"2":[0,0,0]},"meta":{"lastBranch":3,"lastFunction":2,"lastStatement":25,"seen":{"s:11:13:105:Infinity":0,"f:11:13:11:58":0,"b:12:2:23:Infinity:undefined:undefined:undefined:undefined":0,"s:12:2:23:Infinity":1,"s:13:4:21:Infinity":2,"b:25:2:35:Infinity:undefined:undefined:undefined:undefined":1,"s:25:2:35:Infinity":3,"s:26:4:33:Infinity":4,"s:37:55:37:Infinity":5,"s:40:18:40:Infinity":6,"s:41:19:41:Infinity":7,"s:42:18:42:Infinity":8,"b:45:4:49:Infinity:50:4:54:Infinity:55:4:59:Infinity":2,"s:44:2:60:Infinity":9,"s:46:6:46:Infinity":10,"s:47:6:47:Infinity":11,"s:48:6:48:Infinity":12,"s:49:6:49:Infinity":13,"s:51:6:51:Infinity":14,"s:52:6:52:Infinity":15,"s:53:6:53:Infinity":16,"s:54:6:54:Infinity":17,"s:56:6:56:Infinity":18,"s:57:6:57:Infinity":19,"s:58:6:58:Infinity":20,"s:59:6:59:Infinity":21,"s:62:8:64:Infinity":22,"f:62:8:62:28":1,"s:63:4:63:Infinity":23,"s:66:2:103:Infinity":24},"fnNames":{}}}
,"C:\\Users\\MOHD AQIB\\Documents\\project4\\src\\services\\aiService.ts": {"path":"C:\\Users\\MOHD AQIB\\Documents\\project4\\src\\services\\aiService.ts","statementMap":{"0":{"start":{"line":15,"column":37},"end":{"line":15,"column":null}},"1":{"start":{"line":21,"column":4},"end":{"line":21,"column":null}},"2":{"start":{"line":28,"column":4},"end":{"line":38,"column":null}},"3":{"start":{"line":29,"column":21},"end":{"line":29,"column":null}},"4":{"start":{"line":30,"column":6},"end":{"line":35,"column":null}},"5":{"start":{"line":31,"column":23},"end":{"line":31,"column":null}},"6":{"start":{"line":33,"column":27},"end":{"line":33,"column":null}},"7":{"start":{"line":34,"column":8},"end":{"line":34,"column":null}},"8":{"start":{"line":36,"column":6},"end":{"line":36,"column":null}},"9":{"start":{"line":37,"column":6},"end":{"line":37,"column":null}},"10":{"start":{"line":52,"column":10},"end":{"line":52,"column":null}},"11":{"start":{"line":53,"column":4},"end":{"line":56,"column":null}},"12":{"start":{"line":54,"column":6},"end":{"line":54,"column":null}},"13":{"start":{"line":55,"column":6},"end":{"line":55,"column":null}},"14":{"start":{"line":59,"column":4},"end":{"line":61,"column":null}},"15":{"start":{"line":60,"column":6},"end":{"line":60,"column":null}},"16":{"start":{"line":63,"column":4},"end":{"line":95,"column":null}},"17":{"start":{"line":65,"column":24},"end":{"line":65,"column":null}},"18":{"start":{"line":66,"column":6},"end":{"line":68,"column":null}},"19":{"start":{"line":67,"column":8},"end":{"line":67,"column":null}},"20":{"start":{"line":71,"column":23},"end":{"line":81,"column":null}},"21":{"start":{"line":83,"column":6},"end":{"line":85,"column":null}},"22":{"start":{"line":84,"column":8},"end":{"line":84,"column":null}},"23":{"start":{"line":87,"column":19},"end":{"line":87,"column":null}},"24":{"start":{"line":90,"column":6},"end":{"line":90,"column":null}},"25":{"start":{"line":92,"column":6},"end":{"line":92,"column":null}},"26":{"start":{"line":94,"column":6},"end":{"line":94,"column":null}},"27":{"start":{"line":103,"column":18},"end":{"line":103,"column":null}},"28":{"start":{"line":106,"column":4},"end":{"line":121,"column":null}},"29":{"start":{"line":107,"column":6},"end":{"line":114,"column":null}},"30":{"start":{"line":108,"column":8},"end":{"line":113,"column":null}},"31":{"start":{"line":115,"column":6},"end":{"line":120,"column":null}},"32":{"start":{"line":124,"column":4},"end":{"line":139,"column":null}},"33":{"start":{"line":125,"column":6},"end":{"line":132,"column":null}},"34":{"start":{"line":126,"column":8},"end":{"line":131,"column":null}},"35":{"start":{"line":133,"column":6},"end":{"line":138,"column":null}},"36":{"start":{"line":142,"column":4},"end":{"line":149,"column":null}},"37":{"start":{"line":143,"column":6},"end":{"line":148,"column":null}},"38":{"start":{"line":152,"column":4},"end":{"line":159,"column":null}},"39":{"start":{"line":153,"column":6},"end":{"line":158,"column":null}},"40":{"start":{"line":162,"column":4},"end":{"line":167,"column":null}},"41":{"start":{"line":171,"column":25},"end":{"line":171,"column":null}}},"fnMap":{"0":{"name":"setMockMode","decl":{"start":{"line":20,"column":2},"end":{"line":20,"column":9}},"loc":{"start":{"line":20,"column":45},"end":{"line":22,"column":null}},"line":20},"1":{"name":"blobToBase64","decl":{"start":{"line":27,"column":2},"end":{"line":27,"column":10}},"loc":{"start":{"line":27,"column":52},"end":{"line":39,"column":null}},"line":27},"2":{"name":"(anonymous_2)","decl":{"start":{"line":28,"column":15},"end":{"line":28,"column":24}},"loc":{"start":{"line":28,"column":44},"end":{"line":38,"column":5}},"line":28},"3":{"name":"(anonymous_3)","decl":{"start":{"line":30,"column":13},"end":{"line":30,"column":31}},"loc":{"start":{"line":30,"column":31},"end":{"line":35,"column":null}},"line":30},"4":{"name":"analyzeGateIncident","decl":{"start":{"line":46,"column":15},"end":{"line":46,"column":null}},"loc":{"start":{"line":50,"column":31},"end":{"line":96,"column":null}},"line":50},"5":{"name":"generateMockResponse","decl":{"start":{"line":102,"column":2},"end":{"line":102,"column":9}},"loc":{"start":{"line":102,"column":88},"end":{"line":168,"column":null}},"line":102}},"branchMap":{"0":{"loc":{"start":{"line":33,"column":27},"end":{"line":33,"column":null}},"type":"binary-expr","locations":[{"start":{"line":33,"column":27},"end":{"line":33,"column":51}},{"start":{"line":33,"column":51},"end":{"line":33,"column":null}}],"line":33},"1":{"loc":{"start":{"line":53,"column":4},"end":{"line":56,"column":null}},"type":"if","locations":[{"start":{"line":53,"column":4},"end":{"line":56,"column":null}},{"start":{},"end":{}}],"line":53},"2":{"loc":{"start":{"line":59,"column":4},"end":{"line":61,"column":null}},"type":"if","locations":[{"start":{"line":59,"column":4},"end":{"line":61,"column":null}},{"start":{},"end":{}}],"line":59},"3":{"loc":{"start":{"line":66,"column":6},"end":{"line":68,"column":null}},"type":"if","locations":[{"start":{"line":66,"column":6},"end":{"line":68,"column":null}},{"start":{},"end":{}}],"line":66},"4":{"loc":{"start":{"line":83,"column":6},"end":{"line":85,"column":null}},"type":"if","locations":[{"start":{"line":83,"column":6},"end":{"line":85,"column":null}},{"start":{},"end":{}}],"line":83},"5":{"loc":{"start":{"line":106,"column":4},"end":{"line":121,"column":null}},"type":"if","locations":[{"start":{"line":106,"column":4},"end":{"line":121,"column":null}},{"start":{},"end":{}}],"line":106},"6":{"loc":{"start":{"line":106,"column":8},"end":{"line":106,"column":86}},"type":"binary-expr","locations":[{"start":{"line":106,"column":8},"end":{"line":106,"column":34}},{"start":{"line":106,"column":34},"end":{"line":106,"column":61}},{"start":{"line":106,"column":61},"end":{"line":106,"column":86}}],"line":106},"7":{"loc":{"start":{"line":107,"column":6},"end":{"line":114,"column":null}},"type":"if","locations":[{"start":{"line":107,"column":6},"end":{"line":114,"column":null}},{"start":{},"end":{}}],"line":107},"8":{"loc":{"start":{"line":107,"column":10},"end":{"line":107,"column":71}},"type":"binary-expr","locations":[{"start":{"line":107,"column":10},"end":{"line":107,"column":41}},{"start":{"line":107,"column":41},"end":{"line":107,"column":71}}],"line":107},"9":{"loc":{"start":{"line":124,"column":4},"end":{"line":139,"column":null}},"type":"if","locations":[{"start":{"line":124,"column":4},"end":{"line":139,"column":null}},{"start":{},"end":{}}],"line":124},"10":{"loc":{"start":{"line":124,"column":8},"end":{"line":124,"column":112}},"type":"binary-expr","locations":[{"start":{"line":124,"column":8},"end":{"line":124,"column":33}},{"start":{"line":124,"column":33},"end":{"line":124,"column":61}},{"start":{"line":124,"column":61},"end":{"line":124,"column":88}},{"start":{"line":124,"column":88},"end":{"line":124,"column":112}}],"line":124},"11":{"loc":{"start":{"line":125,"column":6},"end":{"line":132,"column":null}},"type":"if","locations":[{"start":{"line":125,"column":6},"end":{"line":132,"column":null}},{"start":{},"end":{}}],"line":125},"12":{"loc":{"start":{"line":125,"column":10},"end":{"line":125,"column":91}},"type":"binary-expr","locations":[{"start":{"line":125,"column":10},"end":{"line":125,"column":37}},{"start":{"line":125,"column":37},"end":{"line":125,"column":64}},{"start":{"line":125,"column":64},"end":{"line":125,"column":91}}],"line":125},"13":{"loc":{"start":{"line":142,"column":4},"end":{"line":149,"column":null}},"type":"if","locations":[{"start":{"line":142,"column":4},"end":{"line":149,"column":null}},{"start":{},"end":{}}],"line":142},"14":{"loc":{"start":{"line":142,"column":8},"end":{"line":142,"column":87}},"type":"binary-expr","locations":[{"start":{"line":142,"column":8},"end":{"line":142,"column":35}},{"start":{"line":142,"column":35},"end":{"line":142,"column":63}},{"start":{"line":142,"column":63},"end":{"line":142,"column":87}}],"line":142},"15":{"loc":{"start":{"line":152,"column":4},"end":{"line":159,"column":null}},"type":"if","locations":[{"start":{"line":152,"column":4},"end":{"line":159,"column":null}},{"start":{},"end":{}}],"line":152},"16":{"loc":{"start":{"line":152,"column":8},"end":{"line":152,"column":104}},"type":"binary-expr","locations":[{"start":{"line":152,"column":8},"end":{"line":152,"column":40}},{"start":{"line":152,"column":40},"end":{"line":152,"column":74}},{"start":{"line":152,"column":74},"end":{"line":152,"column":104}}],"line":152}},"s":{"0":1,"1":16,"2":1,"3":1,"4":1,"5":1,"6":1,"7":1,"8":1,"9":1,"10":8,"11":8,"12":1,"13":1,"14":7,"15":1,"16":6,"17":6,"18":6,"19":1,"20":6,"21":5,"22":1,"23":4,"24":3,"25":3,"26":3,"27":11,"28":11,"29":3,"30":2,"31":1,"32":8,"33":3,"34":2,"35":1,"36":5,"37":1,"38":4,"39":2,"40":2,"41":1},"f":{"0":16,"1":1,"2":1,"3":1,"4":8,"5":11},"b":{"0":[1,0],"1":[1,7],"2":[1,6],"3":[1,5],"4":[1,4],"5":[3,8],"6":[11,8,8],"7":[2,1],"8":[3,2],"9":[3,5],"10":[8,5,5,5],"11":[2,1],"12":[3,1,1],"13":[1,4],"14":[5,4,4],"15":[2,2],"16":[4,2,2]},"meta":{"lastBranch":17,"lastFunction":6,"lastStatement":42,"seen":{"s:15:37:15:Infinity":0,"f:20:2:20:9":0,"s:21:4:21:Infinity":1,"f:27:2:27:10":1,"s:28:4:38:Infinity":2,"f:28:15:28:24":2,"s:29:21:29:Infinity":3,"s:30:6:35:Infinity":4,"f:30:13:30:31":3,"s:31:23:31:Infinity":5,"s:33:27:33:Infinity":6,"b:33:27:33:51:33:51:33:Infinity":0,"s:34:8:34:Infinity":7,"s:36:6:36:Infinity":8,"s:37:6:37:Infinity":9,"f:46:15:46:Infinity":4,"s:52:10:52:Infinity":10,"b:53:4:56:Infinity:undefined:undefined:undefined:undefined":1,"s:53:4:56:Infinity":11,"s:54:6:54:Infinity":12,"s:55:6:55:Infinity":13,"b:59:4:61:Infinity:undefined:undefined:undefined:undefined":2,"s:59:4:61:Infinity":14,"s:60:6:60:Infinity":15,"s:63:4:95:Infinity":16,"s:65:24:65:Infinity":17,"b:66:6:68:Infinity:undefined:undefined:undefined:undefined":3,"s:66:6:68:Infinity":18,"s:67:8:67:Infinity":19,"s:71:23:81:Infinity":20,"b:83:6:85:Infinity:undefined:undefined:undefined:undefined":4,"s:83:6:85:Infinity":21,"s:84:8:84:Infinity":22,"s:87:19:87:Infinity":23,"s:90:6:90:Infinity":24,"s:92:6:92:Infinity":25,"s:94:6:94:Infinity":26,"f:102:2:102:9":5,"s:103:18:103:Infinity":27,"b:106:4:121:Infinity:undefined:undefined:undefined:undefined":5,"s:106:4:121:Infinity":28,"b:106:8:106:34:106:34:106:61:106:61:106:86":6,"b:107:6:114:Infinity:undefined:undefined:undefined:undefined":7,"s:107:6:114:Infinity":29,"b:107:10:107:41:107:41:107:71":8,"s:108:8:113:Infinity":30,"s:115:6:120:Infinity":31,"b:124:4:139:Infinity:undefined:undefined:undefined:undefined":9,"s:124:4:139:Infinity":32,"b:124:8:124:33:124:33:124:61:124:61:124:88:124:88:124:112":10,"b:125:6:132:Infinity:undefined:undefined:undefined:undefined":11,"s:125:6:132:Infinity":33,"b:125:10:125:37:125:37:125:64:125:64:125:91":12,"s:126:8:131:Infinity":34,"s:133:6:138:Infinity":35,"b:142:4:149:Infinity:undefined:undefined:undefined:undefined":13,"s:142:4:149:Infinity":36,"b:142:8:142:35:142:35:142:63:142:63:142:87":14,"s:143:6:148:Infinity":37,"b:152:4:159:Infinity:undefined:undefined:undefined:undefined":15,"s:152:4:159:Infinity":38,"b:152:8:152:40:152:40:152:74:152:74:152:104":16,"s:153:6:158:Infinity":39,"s:162:4:167:Infinity":40,"s:171:25:171:Infinity":41},"fnNames":{}}}
,"C:\\Users\\MOHD AQIB\\Documents\\project4\\src\\services\\cameraService.ts": {"path":"C:\\Users\\MOHD AQIB\\Documents\\project4\\src\\services\\cameraService.ts","statementMap":{"0":{"start":{"line":6,"column":45},"end":{"line":6,"column":null}},"1":{"start":{"line":7,"column":34},"end":{"line":7,"column":null}},"2":{"start":{"line":13,"column":4},"end":{"line":13,"column":null}},"3":{"start":{"line":16,"column":48},"end":{"line":23,"column":null}},"4":{"start":{"line":25,"column":4},"end":{"line":39,"column":null}},"5":{"start":{"line":26,"column":21},"end":{"line":26,"column":null}},"6":{"start":{"line":27,"column":6},"end":{"line":27,"column":null}},"7":{"start":{"line":30,"column":6},"end":{"line":30,"column":null}},"8":{"start":{"line":31,"column":6},"end":{"line":31,"column":null}},"9":{"start":{"line":32,"column":6},"end":{"line":32,"column":null}},"10":{"start":{"line":32,"column":39},"end":{"line":32,"column":99}},"11":{"start":{"line":34,"column":6},"end":{"line":34,"column":null}},"12":{"start":{"line":35,"column":6},"end":{"line":35,"column":null}},"13":{"start":{"line":37,"column":6},"end":{"line":37,"column":null}},"14":{"start":{"line":38,"column":6},"end":{"line":38,"column":null}},"15":{"start":{"line":46,"column":4},"end":{"line":49,"column":null}},"16":{"start":{"line":47,"column":6},"end":{"line":47,"column":null}},"17":{"start":{"line":47,"column":53},"end":{"line":47,"column":65}},"18":{"start":{"line":48,"column":6},"end":{"line":48,"column":null}},"19":{"start":{"line":57,"column":4},"end":{"line":125,"column":null}},"20":{"start":{"line":58,"column":6},"end":{"line":124,"column":null}},"21":{"start":{"line":59,"column":27},"end":{"line":59,"column":null}},"22":{"start":{"line":60,"column":28},"end":{"line":60,"column":null}},"23":{"start":{"line":62,"column":8},"end":{"line":64,"column":null}},"24":{"start":{"line":63,"column":10},"end":{"line":63,"column":null}},"25":{"start":{"line":67,"column":25},"end":{"line":67,"column":null}},"26":{"start":{"line":68,"column":22},"end":{"line":68,"column":null}},"27":{"start":{"line":69,"column":22},"end":{"line":69,"column":null}},"28":{"start":{"line":72,"column":28},"end":{"line":72,"column":null}},"29":{"start":{"line":73,"column":29},"end":{"line":73,"column":null}},"30":{"start":{"line":76,"column":8},"end":{"line":121,"column":null}},"31":{"start":{"line":78,"column":10},"end":{"line":83,"column":null}},"32":{"start":{"line":79,"column":12},"end":{"line":82,"column":null}},"33":{"start":{"line":86,"column":16},"end":{"line":97,"column":null}},"34":{"start":{"line":88,"column":12},"end":{"line":88,"column":null}},"35":{"start":{"line":89,"column":12},"end":{"line":89,"column":null}},"36":{"start":{"line":91,"column":45},"end":{"line":91,"column":null}},"37":{"start":{"line":92,"column":12},"end":{"line":96,"column":null}},"38":{"start":{"line":93,"column":14},"end":{"line":93,"column":null}},"39":{"start":{"line":95,"column":14},"end":{"line":95,"column":null}},"40":{"start":{"line":99,"column":16},"end":{"line":103,"column":null}},"41":{"start":{"line":100,"column":12},"end":{"line":100,"column":null}},"42":{"start":{"line":101,"column":12},"end":{"line":101,"column":null}},"43":{"start":{"line":102,"column":12},"end":{"line":102,"column":null}},"44":{"start":{"line":105,"column":10},"end":{"line":105,"column":null}},"45":{"start":{"line":106,"column":10},"end":{"line":106,"column":null}},"46":{"start":{"line":109,"column":10},"end":{"line":120,"column":null}},"47":{"start":{"line":121,"column":24},"end":{"line":121,"column":84}},"48":{"start":{"line":123,"column":8},"end":{"line":123,"column":null}},"49":{"start":{"line":129,"column":29},"end":{"line":129,"column":null}}},"fnMap":{"0":{"name":"startCamera","decl":{"start":{"line":12,"column":15},"end":{"line":12,"column":27}},"loc":{"start":{"line":12,"column":81},"end":{"line":40,"column":null}},"line":12},"1":{"name":"(anonymous_1)","decl":{"start":{"line":32,"column":26},"end":{"line":32,"column":32}},"loc":{"start":{"line":32,"column":39},"end":{"line":32,"column":99}},"line":32},"2":{"name":"stopCamera","decl":{"start":{"line":45,"column":2},"end":{"line":45,"column":9}},"loc":{"start":{"line":45,"column":28},"end":{"line":50,"column":null}},"line":45},"3":{"name":"(anonymous_3)","decl":{"start":{"line":47,"column":36},"end":{"line":47,"column":44}},"loc":{"start":{"line":47,"column":53},"end":{"line":47,"column":65}},"line":47},"4":{"name":"captureAndProcess","decl":{"start":{"line":56,"column":2},"end":{"line":56,"column":9}},"loc":{"start":{"line":56,"column":74},"end":{"line":126,"column":null}},"line":56},"5":{"name":"(anonymous_5)","decl":{"start":{"line":57,"column":15},"end":{"line":57,"column":24}},"loc":{"start":{"line":57,"column":44},"end":{"line":125,"column":5}},"line":57},"6":{"name":"(anonymous_6)","decl":{"start":{"line":76,"column":40},"end":{"line":76,"column":45}},"loc":{"start":{"line":76,"column":60},"end":{"line":121,"column":9}},"line":76},"7":{"name":"(anonymous_7)","decl":{"start":{"line":86,"column":16},"end":{"line":86,"column":29}},"loc":{"start":{"line":86,"column":53},"end":{"line":97,"column":null}},"line":86},"8":{"name":"(anonymous_8)","decl":{"start":{"line":99,"column":16},"end":{"line":99,"column":27}},"loc":{"start":{"line":99,"column":49},"end":{"line":103,"column":null}},"line":99},"9":{"name":"(anonymous_9)","decl":{"start":{"line":121,"column":11},"end":{"line":121,"column":17}},"loc":{"start":{"line":121,"column":24},"end":{"line":121,"column":84}},"line":121}},"branchMap":{"0":{"loc":{"start":{"line":46,"column":4},"end":{"line":49,"column":null}},"type":"if","locations":[{"start":{"line":46,"column":4},"end":{"line":49,"column":null}},{"start":{},"end":{}}],"line":46},"1":{"loc":{"start":{"line":62,"column":8},"end":{"line":64,"column":null}},"type":"if","locations":[{"start":{"line":62,"column":8},"end":{"line":64,"column":null}},{"start":{},"end":{}}],"line":62},"2":{"loc":{"start":{"line":62,"column":12},"end":{"line":62,"column":41}},"type":"binary-expr","locations":[{"start":{"line":62,"column":12},"end":{"line":62,"column":27}},{"start":{"line":62,"column":27},"end":{"line":62,"column":41}}],"line":62},"3":{"loc":{"start":{"line":78,"column":10},"end":{"line":83,"column":null}},"type":"if","locations":[{"start":{"line":78,"column":10},"end":{"line":83,"column":null}},{"start":{},"end":{}}],"line":78},"4":{"loc":{"start":{"line":92,"column":12},"end":{"line":96,"column":null}},"type":"if","locations":[{"start":{"line":92,"column":12},"end":{"line":96,"column":null}},{"start":{"line":94,"column":19},"end":{"line":96,"column":null}}],"line":92},"5":{"loc":{"start":{"line":92,"column":16},"end":{"line":92,"column":33}},"type":"binary-expr","locations":[{"start":{"line":92,"column":16},"end":{"line":92,"column":27}},{"start":{"line":92,"column":27},"end":{"line":92,"column":33}}],"line":92},"6":{"loc":{"start":{"line":95,"column":31},"end":{"line":95,"column":68}},"type":"binary-expr","locations":[{"start":{"line":95,"column":31},"end":{"line":95,"column":40}},{"start":{"line":95,"column":40},"end":{"line":95,"column":68}}],"line":95}},"s":{"0":1,"1":1,"2":0,"3":0,"4":0,"5":0,"6":0,"7":0,"8":0,"9":0,"10":0,"11":0,"12":0,"13":0,"14":0,"15":0,"16":0,"17":0,"18":0,"19":0,"20":0,"21":0,"22":0,"23":0,"24":0,"25":0,"26":0,"27":0,"28":0,"29":0,"30":0,"31":0,"32":0,"33":0,"34":0,"35":0,"36":0,"37":0,"38":0,"39":0,"40":0,"41":0,"42":0,"43":0,"44":0,"45":0,"46":0,"47":0,"48":0,"49":1},"f":{"0":0,"1":0,"2":0,"3":0,"4":0,"5":0,"6":0,"7":0,"8":0,"9":0},"b":{"0":[0,0],"1":[0,0],"2":[0,0],"3":[0,0],"4":[0,0],"5":[0,0],"6":[0,0]},"meta":{"lastBranch":7,"lastFunction":10,"lastStatement":50,"seen":{"s:6:45:6:Infinity":0,"s:7:34:7:Infinity":1,"f:12:15:12:27":0,"s:13:4:13:Infinity":2,"s:16:48:23:Infinity":3,"s:25:4:39:Infinity":4,"s:26:21:26:Infinity":5,"s:27:6:27:Infinity":6,"s:30:6:30:Infinity":7,"s:31:6:31:Infinity":8,"s:32:6:32:Infinity":9,"f:32:26:32:32":1,"s:32:39:32:99":10,"s:34:6:34:Infinity":11,"s:35:6:35:Infinity":12,"s:37:6:37:Infinity":13,"s:38:6:38:Infinity":14,"f:45:2:45:9":2,"b:46:4:49:Infinity:undefined:undefined:undefined:undefined":0,"s:46:4:49:Infinity":15,"s:47:6:47:Infinity":16,"f:47:36:47:44":3,"s:47:53:47:65":17,"s:48:6:48:Infinity":18,"f:56:2:56:9":4,"s:57:4:125:Infinity":19,"f:57:15:57:24":5,"s:58:6:124:Infinity":20,"s:59:27:59:Infinity":21,"s:60:28:60:Infinity":22,"b:62:8:64:Infinity:undefined:undefined:undefined:undefined":1,"s:62:8:64:Infinity":23,"b:62:12:62:27:62:27:62:41":2,"s:63:10:63:Infinity":24,"s:67:25:67:Infinity":25,"s:68:22:68:Infinity":26,"s:69:22:69:Infinity":27,"s:72:28:72:Infinity":28,"s:73:29:73:Infinity":29,"s:76:8:121:Infinity":30,"f:76:40:76:45":6,"b:78:10:83:Infinity:undefined:undefined:undefined:undefined":3,"s:78:10:83:Infinity":31,"s:79:12:82:Infinity":32,"s:86:16:97:Infinity":33,"f:86:16:86:29":7,"s:88:12:88:Infinity":34,"s:89:12:89:Infinity":35,"s:91:45:91:Infinity":36,"b:92:12:96:Infinity:94:19:96:Infinity":4,"s:92:12:96:Infinity":37,"b:92:16:92:27:92:27:92:33":5,"s:93:14:93:Infinity":38,"s:95:14:95:Infinity":39,"b:95:31:95:40:95:40:95:68":6,"s:99:16:103:Infinity":40,"f:99:16:99:27":8,"s:100:12:100:Infinity":41,"s:101:12:101:Infinity":42,"s:102:12:102:Infinity":43,"s:105:10:105:Infinity":44,"s:106:10:106:Infinity":45,"s:109:10:120:Infinity":46,"f:121:11:121:17":9,"s:121:24:121:84":47,"s:123:8:123:Infinity":48,"s:129:29:129:Infinity":49},"fnNames":{}}}
,"C:\\Users\\MOHD AQIB\\Documents\\project4\\src\\services\\policyEngine.ts": {"path":"C:\\Users\\MOHD AQIB\\Documents\\project4\\src\\services\\policyEngine.ts","statementMap":{"0":{"start":{"line":4,"column":26},"end":{"line":4,"column":null}},"1":{"start":{"line":5,"column":25},"end":{"line":5,"column":null}},"2":{"start":{"line":13,"column":21},"end":{"line":13,"column":null}},"3":{"start":{"line":16,"column":2},"end":{"line":25,"column":null}},"4":{"start":{"line":17,"column":4},"end":{"line":24,"column":null}},"5":{"start":{"line":18,"column":6},"end":{"line":23,"column":null}},"6":{"start":{"line":28,"column":2},"end":{"line":37,"column":null}},"7":{"start":{"line":29,"column":4},"end":{"line":36,"column":null}},"8":{"start":{"line":30,"column":6},"end":{"line":35,"column":null}},"9":{"start":{"line":39,"column":2},"end":{"line":39,"column":null}}},"fnMap":{"0":{"name":"checkLocalPolicy","decl":{"start":{"line":12,"column":16},"end":{"line":12,"column":33}},"loc":{"start":{"line":12,"column":72},"end":{"line":40,"column":null}},"line":12}},"branchMap":{"0":{"loc":{"start":{"line":17,"column":4},"end":{"line":24,"column":null}},"type":"if","locations":[{"start":{"line":17,"column":4},"end":{"line":24,"column":null}},{"start":{},"end":{}}],"line":17},"1":{"loc":{"start":{"line":29,"column":4},"end":{"line":36,"column":null}},"type":"if","locations":[{"start":{"line":29,"column":4},"end":{"line":36,"column":null}},{"start":{},"end":{}}],"line":29}},"s":{"0":2,"1":2,"2":12,"3":12,"4":78,"5":3,"6":9,"7":76,"8":1,"9":8},"f":{"0":12},"b":{"0":[3,75],"1":[1,75]},"meta":{"lastBranch":2,"lastFunction":1,"lastStatement":10,"seen":{"s:4:26:4:Infinity":0,"s:5:25:5:Infinity":1,"f:12:16:12:33":0,"s:13:21:13:Infinity":2,"s:16:2:25:Infinity":3,"b:17:4:24:Infinity:undefined:undefined:undefined:undefined":0,"s:17:4:24:Infinity":4,"s:18:6:23:Infinity":5,"s:28:2:37:Infinity":6,"b:29:4:36:Infinity:undefined:undefined:undefined:undefined":1,"s:29:4:36:Infinity":7,"s:30:6:35:Infinity":8,"s:39:2:39:Infinity":9},"fnNames":{}}}
,"C:\\Users\\MOHD AQIB\\Documents\\project4\\src\\services\\speechService.ts": {"path":"C:\\Users\\MOHD AQIB\\Documents\\project4\\src\\services\\speechService.ts","statementMap":{"0":{"start":{"line":15,"column":4},"end":{"line":18,"column":null}},"1":{"start":{"line":16,"column":6},"end":{"line":16,"column":null}},"2":{"start":{"line":17,"column":6},"end":{"line":17,"column":null}},"3":{"start":{"line":21,"column":4},"end":{"line":21,"column":null}},"4":{"start":{"line":23,"column":4},"end":{"line":41,"column":null}},"5":{"start":{"line":24,"column":24},"end":{"line":24,"column":null}},"6":{"start":{"line":25,"column":6},"end":{"line":25,"column":null}},"7":{"start":{"line":28,"column":6},"end":{"line":28,"column":null}},"8":{"start":{"line":29,"column":6},"end":{"line":29,"column":null}},"9":{"start":{"line":32,"column":21},"end":{"line":32,"column":null}},"10":{"start":{"line":33,"column":20},"end":{"line":33,"column":null}},"11":{"start":{"line":33,"column":37},"end":{"line":33,"column":60}},"12":{"start":{"line":33,"column":82},"end":{"line":33,"column":117}},"13":{"start":{"line":34,"column":6},"end":{"line":36,"column":null}},"14":{"start":{"line":35,"column":8},"end":{"line":35,"column":null}},"15":{"start":{"line":38,"column":6},"end":{"line":38,"column":null}},"16":{"start":{"line":40,"column":6},"end":{"line":40,"column":null}},"17":{"start":{"line":48,"column":4},"end":{"line":50,"column":null}},"18":{"start":{"line":49,"column":6},"end":{"line":49,"column":null}},"19":{"start":{"line":54,"column":29},"end":{"line":54,"column":null}}},"fnMap":{"0":{"name":"speak","decl":{"start":{"line":14,"column":2},"end":{"line":14,"column":9}},"loc":{"start":{"line":14,"column":59},"end":{"line":42,"column":null}},"line":14},"1":{"name":"(anonymous_1)","decl":{"start":{"line":33,"column":27},"end":{"line":33,"column":32}},"loc":{"start":{"line":33,"column":37},"end":{"line":33,"column":60}},"line":33},"2":{"name":"(anonymous_2)","decl":{"start":{"line":33,"column":72},"end":{"line":33,"column":77}},"loc":{"start":{"line":33,"column":82},"end":{"line":33,"column":117}},"line":33},"3":{"name":"cancel","decl":{"start":{"line":47,"column":2},"end":{"line":47,"column":9}},"loc":{"start":{"line":47,"column":24},"end":{"line":51,"column":null}},"line":47}},"branchMap":{"0":{"loc":{"start":{"line":14,"column":29},"end":{"line":14,"column":59}},"type":"default-arg","locations":[{"start":{"line":14,"column":44},"end":{"line":14,"column":59}}],"line":14},"1":{"loc":{"start":{"line":15,"column":4},"end":{"line":18,"column":null}},"type":"if","locations":[{"start":{"line":15,"column":4},"end":{"line":18,"column":null}},{"start":{},"end":{}}],"line":15},"2":{"loc":{"start":{"line":15,"column":8},"end":{"line":15,"column":66}},"type":"binary-expr","locations":[{"start":{"line":15,"column":8},"end":{"line":15,"column":41}},{"start":{"line":15,"column":41},"end":{"line":15,"column":66}}],"line":15},"3":{"loc":{"start":{"line":33,"column":20},"end":{"line":33,"column":null}},"type":"binary-expr","locations":[{"start":{"line":33,"column":20},"end":{"line":33,"column":65}},{"start":{"line":33,"column":65},"end":{"line":33,"column":null}}],"line":33},"4":{"loc":{"start":{"line":34,"column":6},"end":{"line":36,"column":null}},"type":"if","locations":[{"start":{"line":34,"column":6},"end":{"line":36,"column":null}},{"start":{},"end":{}}],"line":34},"5":{"loc":{"start":{"line":48,"column":4},"end":{"line":50,"column":null}},"type":"if","locations":[{"start":{"line":48,"column":4},"end":{"line":50,"column":null}},{"start":{},"end":{}}],"line":48},"6":{"loc":{"start":{"line":48,"column":8},"end":{"line":48,"column":65}},"type":"binary-expr","locations":[{"start":{"line":48,"column":8},"end":{"line":48,"column":41}},{"start":{"line":48,"column":41},"end":{"line":48,"column":65}}],"line":48}},"s":{"0":0,"1":0,"2":0,"3":0,"4":0,"5":0,"6":0,"7":0,"8":0,"9":0,"10":0,"11":0,"12":0,"13":0,"14":0,"15":0,"16":0,"17":0,"18":0,"19":1},"f":{"0":0,"1":0,"2":0,"3":0},"b":{"0":[0],"1":[0,0],"2":[0,0],"3":[0,0],"4":[0,0],"5":[0,0],"6":[0,0]},"meta":{"lastBranch":7,"lastFunction":4,"lastStatement":20,"seen":{"f:14:2:14:9":0,"b:14:44:14:59":0,"b:15:4:18:Infinity:undefined:undefined:undefined:undefined":1,"s:15:4:18:Infinity":0,"b:15:8:15:41:15:41:15:66":2,"s:16:6:16:Infinity":1,"s:17:6:17:Infinity":2,"s:21:4:21:Infinity":3,"s:23:4:41:Infinity":4,"s:24:24:24:Infinity":5,"s:25:6:25:Infinity":6,"s:28:6:28:Infinity":7,"s:29:6:29:Infinity":8,"s:32:21:32:Infinity":9,"s:33:20:33:Infinity":10,"b:33:20:33:65:33:65:33:Infinity":3,"f:33:27:33:32":1,"s:33:37:33:60":11,"f:33:72:33:77":2,"s:33:82:33:117":12,"b:34:6:36:Infinity:undefined:undefined:undefined:undefined":4,"s:34:6:36:Infinity":13,"s:35:8:35:Infinity":14,"s:38:6:38:Infinity":15,"s:40:6:40:Infinity":16,"f:47:2:47:9":3,"b:48:4:50:Infinity:undefined:undefined:undefined:undefined":5,"s:48:4:50:Infinity":17,"b:48:8:48:41:48:41:48:65":6,"s:49:6:49:Infinity":18,"s:54:29:54:Infinity":19},"fnNames":{}}}
,"C:\\Users\\MOHD AQIB\\Documents\\project4\\src\\utils\\schema.ts": {"path":"C:\\Users\\MOHD AQIB\\Documents\\project4\\src\\utils\\schema.ts","statementMap":{"0":{"start":{"line":3,"column":30},"end":{"line":8,"column":null}},"1":{"start":{"line":17,"column":2},"end":{"line":24,"column":null}},"2":{"start":{"line":18,"column":4},"end":{"line":23,"column":null}},"3":{"start":{"line":26,"column":17},"end":{"line":26,"column":null}},"4":{"start":{"line":27,"column":2},"end":{"line":29,"column":null}},"5":{"start":{"line":28,"column":4},"end":{"line":28,"column":null}},"6":{"start":{"line":31,"column":23},"end":{"line":33,"column":null}},"7":{"start":{"line":32,"column":16},"end":{"line":32,"column":55}},"8":{"start":{"line":35,"column":2},"end":{"line":40,"column":null}}},"fnMap":{"0":{"name":"safeParseDecision","decl":{"start":{"line":16,"column":16},"end":{"line":16,"column":34}},"loc":{"start":{"line":16,"column":67},"end":{"line":41,"column":null}},"line":16},"1":{"name":"(anonymous_1)","decl":{"start":{"line":32,"column":5},"end":{"line":32,"column":9}},"loc":{"start":{"line":32,"column":16},"end":{"line":32,"column":55}},"line":32}},"branchMap":{"0":{"loc":{"start":{"line":17,"column":2},"end":{"line":24,"column":null}},"type":"if","locations":[{"start":{"line":17,"column":2},"end":{"line":24,"column":null}},{"start":{},"end":{}}],"line":17},"1":{"loc":{"start":{"line":17,"column":6},"end":{"line":17,"column":41}},"type":"binary-expr","locations":[{"start":{"line":17,"column":6},"end":{"line":17,"column":15}},{"start":{"line":17,"column":15},"end":{"line":17,"column":41}}],"line":17},"2":{"loc":{"start":{"line":27,"column":2},"end":{"line":29,"column":null}},"type":"if","locations":[{"start":{"line":27,"column":2},"end":{"line":29,"column":null}},{"start":{},"end":{}}],"line":27}},"s":{"0":2,"1":10,"2":3,"3":7,"4":7,"5":4,"6":3,"7":5,"8":3},"f":{"0":10,"1":5},"b":{"0":[3,7],"1":[10,8],"2":[4,3]},"meta":{"lastBranch":3,"lastFunction":2,"lastStatement":9,"seen":{"s:3:30:8:Infinity":0,"f:16:16:16:34":0,"b:17:2:24:Infinity:undefined:undefined:undefined:undefined":0,"s:17:2:24:Infinity":1,"b:17:6:17:15:17:15:17:41":1,"s:18:4:23:Infinity":2,"s:26:17:26:Infinity":3,"b:27:2:29:Infinity:undefined:undefined:undefined:undefined":2,"s:27:2:29:Infinity":4,"s:28:4:28:Infinity":5,"s:31:23:33:Infinity":6,"f:32:5:32:9":1,"s:32:16:32:55":7,"s:35:2:40:Infinity":8},"fnNames":{}}}
}
